<?xml version="1.0" encoding="UTF-8"?>
<testng-results skipped="0" failed="1" ignored="0" total="3" passed="2">
  <reporter-output>
  </reporter-output>
  <suite name="Suite" duration-ms="25304" started-at="2018-02-19T05:20:42Z" finished-at="2018-02-19T05:21:07Z">
    <groups>
      <group name="cucumber">
        <method signature="SmokeTest.feature(cucumber.api.testng.CucumberFeatureWrapper)[pri:0, instance:zoosite.runner.SmokeTest@43a0cee9]" name="feature" class="zoosite.runner.SmokeTest"/>
        <method signature="FunctionTest.feature(cucumber.api.testng.CucumberFeatureWrapper)[pri:0, instance:zoosite.runner.FunctionTest@5fdba6f9]" name="feature" class="zoosite.runner.FunctionTest"/>
        <method signature="RegressionTest.feature(cucumber.api.testng.CucumberFeatureWrapper)[pri:0, instance:zoosite.runner.RegressionTest@24b1d79b]" name="feature" class="zoosite.runner.RegressionTest"/>
      </group> <!-- cucumber -->
    </groups>
    <test name="ThirdTest" duration-ms="5837" started-at="2018-02-19T05:20:42Z" finished-at="2018-02-19T05:20:48Z">
      <class name="zoosite.runner.RegressionTest">
        <test-method status="PASS" signature="beforeClass()[pri:0, instance:zoosite.runner.RegressionTest@24b1d79b]" name="beforeClass" is-config="true" duration-ms="250" started-at="2018-02-19T05:20:42Z" finished-at="2018-02-19T05:20:42Z">
          <reporter-output>
          </reporter-output>
        </test-method> <!-- beforeClass -->
        <test-method status="PASS" signature="setupTest(java.lang.String)[pri:0, instance:zoosite.runner.RegressionTest@24b1d79b]" name="setupTest" is-config="true" duration-ms="1646" started-at="2018-02-19T05:20:42Z" finished-at="2018-02-19T05:20:44Z">
          <params>
            <param index="0">
              <value>
                <![CDATA[internet explorer]]>
              </value>
            </param>
          </params>
          <reporter-output>
          </reporter-output>
        </test-method> <!-- setupTest -->
        <test-method status="PASS" signature="getDriver()[pri:0, instance:zoosite.runner.RegressionTest@24b1d79b]" name="getDriver" is-config="true" duration-ms="0" started-at="2018-02-19T05:20:42Z" finished-at="2018-02-19T05:20:42Z">
          <reporter-output>
          </reporter-output>
        </test-method> <!-- getDriver -->
        <test-method status="FAIL" signature="feature(cucumber.api.testng.CucumberFeatureWrapper)[pri:0, instance:zoosite.runner.RegressionTest@24b1d79b]" name="feature" duration-ms="3048" started-at="2018-02-19T05:20:44Z" description="runs cucumber feature" data-provider="features" finished-at="2018-02-19T05:20:47Z">
          <params>
            <param index="0">
              <value>
                <![CDATA[Adopt an animal from the zoo site1]]>
              </value>
            </param>
          </params>
          <exception class="cucumber.runtime.CucumberException">
            <message>
              <![CDATA[org.openqa.selenium.NoSuchElementException: Unable to find element with css selector == #adoption_link
For documentation on this error, please visit: http://seleniumhq.org/exceptions/no_such_element.html
Build info: version: '3.4.0', revision: 'unknown', time: 'unknown'
System info: host: 'DEV', ip: '192.168.0.10', os.name: 'Windows 10', os.arch: 'amd64', os.version: '10.0', java.version: '1.8.0_144'
Driver info: org.openqa.selenium.ie.InternetExplorerDriver
Capabilities [{proxy=Proxy(), acceptInsecureCerts=false, browserVersion=11, se:ieOptions={nativeEvents=true, browserAttachTimeout=0.0, ie.ensureCleanSession=false, elementScrollBehavior=0.0, enablePersistentHover=true, ie.browserCommandLineSwitches=, ie.forceCreateProcessApi=false, requireWindowFocus=false, initialBrowserUrl=http://localhost:48661/, ignoreZoomSetting=false, ie.fileUploadDialogTimeout=3000.0, ignoreProtectedModeSettings=false}, timeouts={implicit=0.0, pageLoad=300000.0, script=30000.0}, browserName=internet explorer, pageLoadStrategy=normal, javascriptEnabled=true, platformName=windows, setWindowRect=true, platform=ANY}]
Session ID: 3eabbc1b-c69d-4260-9fe1-97c3d2a7eed2
*** Element info: {Using=id, value=adoption_link}
Command duration or timeout: 0 milliseconds]]>
            </message>
            <full-stacktrace>
              <![CDATA[cucumber.runtime.CucumberException: org.openqa.selenium.NoSuchElementException: Unable to find element with css selector == #adoption_link
For documentation on this error, please visit: http://seleniumhq.org/exceptions/no_such_element.html
Build info: version: '3.4.0', revision: 'unknown', time: 'unknown'
System info: host: 'DEV', ip: '192.168.0.10', os.name: 'Windows 10', os.arch: 'amd64', os.version: '10.0', java.version: '1.8.0_144'
Driver info: org.openqa.selenium.ie.InternetExplorerDriver
Capabilities [{proxy=Proxy(), acceptInsecureCerts=false, browserVersion=11, se:ieOptions={nativeEvents=true, browserAttachTimeout=0.0, ie.ensureCleanSession=false, elementScrollBehavior=0.0, enablePersistentHover=true, ie.browserCommandLineSwitches=, ie.forceCreateProcessApi=false, requireWindowFocus=false, initialBrowserUrl=http://localhost:48661/, ignoreZoomSetting=false, ie.fileUploadDialogTimeout=3000.0, ignoreProtectedModeSettings=false}, timeouts={implicit=0.0, pageLoad=300000.0, script=30000.0}, browserName=internet explorer, pageLoadStrategy=normal, javascriptEnabled=true, platformName=windows, setWindowRect=true, platform=ANY}]
Session ID: 3eabbc1b-c69d-4260-9fe1-97c3d2a7eed2
*** Element info: {Using=id, value=adoption_link}
Command duration or timeout: 0 milliseconds
at cucumber.api.testng.TestNGCucumberRunner.runCucumber(TestNGCucumberRunner.java:69)
at zoosite.runner.RegressionTest.feature(RegressionTest.java:45)
at sun.reflect.NativeMethodAccessorImpl.invoke0(Native Method)
at sun.reflect.NativeMethodAccessorImpl.invoke(NativeMethodAccessorImpl.java:62)
at sun.reflect.DelegatingMethodAccessorImpl.invoke(DelegatingMethodAccessorImpl.java:43)
at java.lang.reflect.Method.invoke(Method.java:497)
at org.testng.internal.MethodInvocationHelper.invokeMethod(MethodInvocationHelper.java:124)
at org.testng.internal.Invoker.invokeMethod(Invoker.java:580)
at org.testng.internal.Invoker.invokeTestMethod(Invoker.java:716)
at org.testng.internal.Invoker.invokeTestMethods(Invoker.java:988)
at org.testng.internal.TestMethodWorker.invokeTestMethods(TestMethodWorker.java:125)
at org.testng.internal.TestMethodWorker.run(TestMethodWorker.java:109)
at java.util.concurrent.ThreadPoolExecutor.runWorker(ThreadPoolExecutor.java:1142)
at java.util.concurrent.ThreadPoolExecutor$Worker.run(ThreadPoolExecutor.java:617)
at java.lang.Thread.run(Thread.java:745)
Caused by: org.openqa.selenium.NoSuchElementException: Unable to find element with css selector == #adoption_link
For documentation on this error, please visit: http://seleniumhq.org/exceptions/no_such_element.html
Build info: version: '3.4.0', revision: 'unknown', time: 'unknown'
System info: host: 'DEV', ip: '192.168.0.10', os.name: 'Windows 10', os.arch: 'amd64', os.version: '10.0', java.version: '1.8.0_144'
Driver info: org.openqa.selenium.ie.InternetExplorerDriver
Capabilities [{proxy=Proxy(), acceptInsecureCerts=false, browserVersion=11, se:ieOptions={nativeEvents=true, browserAttachTimeout=0.0, ie.ensureCleanSession=false, elementScrollBehavior=0.0, enablePersistentHover=true, ie.browserCommandLineSwitches=, ie.forceCreateProcessApi=false, requireWindowFocus=false, initialBrowserUrl=http://localhost:48661/, ignoreZoomSetting=false, ie.fileUploadDialogTimeout=3000.0, ignoreProtectedModeSettings=false}, timeouts={implicit=0.0, pageLoad=300000.0, script=30000.0}, browserName=internet explorer, pageLoadStrategy=normal, javascriptEnabled=true, platformName=windows, setWindowRect=true, platform=ANY}]
Session ID: 3eabbc1b-c69d-4260-9fe1-97c3d2a7eed2
*** Element info: {Using=id, value=adoption_link}
Command duration or timeout: 0 milliseconds
at sun.reflect.NativeConstructorAccessorImpl.newInstance0(Native Method)
at sun.reflect.NativeConstructorAccessorImpl.newInstance(NativeConstructorAccessorImpl.java:62)
at sun.reflect.DelegatingConstructorAccessorImpl.newInstance(DelegatingConstructorAccessorImpl.java:45)
at java.lang.reflect.Constructor.newInstance(Constructor.java:422)
at org.openqa.selenium.remote.ErrorHandler.createThrowable(ErrorHandler.java:214)
at org.openqa.selenium.remote.ErrorHandler.throwIfResponseFailed(ErrorHandler.java:166)
at org.openqa.selenium.remote.http.JsonHttpResponseCodec.reconstructValue(JsonHttpResponseCodec.java:40)
at org.openqa.selenium.remote.http.AbstractHttpResponseCodec.decode(AbstractHttpResponseCodec.java:80)
at org.openqa.selenium.remote.http.AbstractHttpResponseCodec.decode(AbstractHttpResponseCodec.java:44)
at org.openqa.selenium.remote.HttpCommandExecutor.execute(HttpCommandExecutor.java:160)
at org.openqa.selenium.remote.RemoteWebDriver.execute(RemoteWebDriver.java:601)
at org.openqa.selenium.remote.RemoteWebDriver.findElement(RemoteWebDriver.java:371)
at org.openqa.selenium.remote.RemoteWebDriver.findElementById(RemoteWebDriver.java:417)
at org.openqa.selenium.By$ById.findElement(By.java:218)
at org.openqa.selenium.remote.RemoteWebDriver.findElement(RemoteWebDriver.java:363)
at zoosite.pages.ZooHomePage.navigateToAdoption(ZooHomePage.java:24)
at zoosite.steps.AnimalAdoption.gotoAdoptionpageCheckAvailability(AnimalAdoption.java:42)
at âœ½.When I goto Adoption page and check foravailability(AnimalAdoption3.feature:6)
Caused by: org.openqa.selenium.remote.ScreenshotException: Screen shot has been taken
at org.openqa.selenium.remote.ErrorHandler.throwIfResponseFailed(ErrorHandler.java:140)
at org.openqa.selenium.remote.http.JsonHttpResponseCodec.reconstructValue(JsonHttpResponseCodec.java:40)
at org.openqa.selenium.remote.http.AbstractHttpResponseCodec.decode(AbstractHttpResponseCodec.java:80)
at org.openqa.selenium.remote.http.AbstractHttpResponseCodec.decode(AbstractHttpResponseCodec.java:44)
at org.openqa.selenium.remote.HttpCommandExecutor.execute(HttpCommandExecutor.java:160)
at org.openqa.selenium.remote.RemoteWebDriver.execute(RemoteWebDriver.java:601)
at org.openqa.selenium.remote.RemoteWebDriver.findElement(RemoteWebDriver.java:371)
at org.openqa.selenium.remote.RemoteWebDriver.findElementById(RemoteWebDriver.java:417)
at org.openqa.selenium.By$ById.findElement(By.java:218)
at org.openqa.selenium.remote.RemoteWebDriver.findElement(RemoteWebDriver.java:363)
at zoosite.pages.ZooHomePage.navigateToAdoption(ZooHomePage.java:24)
at zoosite.steps.AnimalAdoption.gotoAdoptionpageCheckAvailability(AnimalAdoption.java:42)
at sun.reflect.NativeMethodAccessorImpl.invoke0(Native Method)
at sun.reflect.NativeMethodAccessorImpl.invoke(NativeMethodAccessorImpl.java:62)
at sun.reflect.DelegatingMethodAccessorImpl.invoke(DelegatingMethodAccessorImpl.java:43)
at java.lang.reflect.Method.invoke(Method.java:497)
at cucumber.runtime.Utils$1.call(Utils.java:40)
at cucumber.runtime.Timeout.timeout(Timeout.java:16)
at cucumber.runtime.Utils.invoke(Utils.java:34)
at cucumber.runtime.java.JavaStepDefinition.execute(JavaStepDefinition.java:38)
at cucumber.runtime.StepDefinitionMatch.runStep(StepDefinitionMatch.java:37)
at cucumber.runtime.Runtime.runStep(Runtime.java:300)
at cucumber.runtime.model.StepContainer.runStep(StepContainer.java:44)
at cucumber.runtime.model.StepContainer.runSteps(StepContainer.java:39)
at cucumber.runtime.model.CucumberScenario.run(CucumberScenario.java:44)
at cucumber.runtime.model.CucumberFeature.run(CucumberFeature.java:165)
at cucumber.api.testng.TestNGCucumberRunner.runCucumber(TestNGCucumberRunner.java:63)
at zoosite.runner.RegressionTest.feature(RegressionTest.java:45)
at sun.reflect.NativeMethodAccessorImpl.invoke0(Native Method)
at sun.reflect.NativeMethodAccessorImpl.invoke(NativeMethodAccessorImpl.java:62)
at sun.reflect.DelegatingMethodAccessorImpl.invoke(DelegatingMethodAccessorImpl.java:43)
at java.lang.reflect.Method.invoke(Method.java:497)
at org.testng.internal.MethodInvocationHelper.invokeMethod(MethodInvocationHelper.java:124)
at org.testng.internal.Invoker.invokeMethod(Invoker.java:580)
at org.testng.internal.Invoker.invokeTestMethod(Invoker.java:716)
at org.testng.internal.Invoker.invokeTestMethods(Invoker.java:988)
at org.testng.internal.TestMethodWorker.invokeTestMethods(TestMethodWorker.java:125)
at org.testng.internal.TestMethodWorker.run(TestMethodWorker.java:109)
at java.util.concurrent.ThreadPoolExecutor.runWorker(ThreadPoolExecutor.java:1142)
at java.util.concurrent.ThreadPoolExecutor$Worker.run(ThreadPoolExecutor.java:617)
at java.lang.Thread.run(Thread.java:745)
Caused by: org.openqa.selenium.NoSuchElementException: Unable to find element with css selector == #adoption_link
For documentation on this error, please visit: http://seleniumhq.org/exceptions/no_such_element.html
Build info: version: '3.4.0', revision: 'unknown', time: 'unknown'
System info: host: 'DEV', ip: '192.168.0.10', os.name: 'Windows 10', os.arch: 'amd64', os.version: '10.0', java.version: '1.8.0_144'
Driver info: org.openqa.selenium.ie.InternetExplorerDriver
Capabilities [{proxy=Proxy(), acceptInsecureCerts=false, browserVersion=11, se:ieOptions={nativeEvents=true, browserAttachTimeout=0.0, ie.ensureCleanSession=false, elementScrollBehavior=0.0, enablePersistentHover=true, ie.browserCommandLineSwitches=, ie.forceCreateProcessApi=false, requireWindowFocus=false, initialBrowserUrl=http://localhost:48661/, ignoreZoomSetting=false, ie.fileUploadDialogTimeout=3000.0, ignoreProtectedModeSettings=false}, timeouts={implicit=0.0, pageLoad=300000.0, script=30000.0}, browserName=internet explorer, pageLoadStrategy=normal, javascriptEnabled=true, platformName=windows, setWindowRect=true, platform=ANY}]
Session ID: 3eabbc1b-c69d-4260-9fe1-97c3d2a7eed2
*** Element info: {Using=id, value=adoption_link}
For documentation on this error, please visit: http://seleniumhq.org/exceptions/no_such_element.html
Build info: version: '3.9.1', revision: '63f7b50', time: '2018-02-07T22:25:02.294Z'
System info: host: 'DEV', ip: '192.168.0.10', os.name: 'Windows 10', os.arch: 'amd64', os.version: '10.0', java.version: '1.8.0_65'
Driver info: driver.version: EventFiringWebDriver
at sun.reflect.GeneratedConstructorAccessor34.newInstance(Unknown Source)
at sun.reflect.DelegatingConstructorAccessorImpl.newInstance(Unknown Source)
at java.lang.reflect.Constructor.newInstance(Unknown Source)
at org.openqa.selenium.remote.http.W3CHttpResponseCodec.createException(W3CHttpResponseCodec.java:150)
at org.openqa.selenium.remote.http.W3CHttpResponseCodec.decode(W3CHttpResponseCodec.java:115)
at org.openqa.selenium.remote.http.W3CHttpResponseCodec.decode(W3CHttpResponseCodec.java:45)
at org.openqa.selenium.remote.HttpCommandExecutor.execute(HttpCommandExecutor.java:164)
at org.openqa.selenium.remote.service.DriverCommandExecutor.execute(DriverCommandExecutor.java:82)
at org.openqa.selenium.remote.RemoteWebDriver.execute(RemoteWebDriver.java:637)
at org.openqa.selenium.remote.RemoteWebDriver.findElement(RemoteWebDriver.java:410)
at org.openqa.selenium.remote.RemoteWebDriver.findElementById(RemoteWebDriver.java:453)
at org.openqa.selenium.By$ById.findElement(By.java:218)
at org.openqa.selenium.remote.RemoteWebDriver.findElement(RemoteWebDriver.java:402)
at sun.reflect.GeneratedMethodAccessor11.invoke(Unknown Source)
at sun.reflect.DelegatingMethodAccessorImpl.invoke(Unknown Source)
at java.lang.reflect.Method.invoke(Unknown Source)
at org.openqa.selenium.support.events.EventFiringWebDriver$2.invoke(EventFiringWebDriver.java:104)
at com.sun.proxy.$Proxy10.findElement(Unknown Source)
at org.openqa.selenium.support.events.EventFiringWebDriver.findElement(EventFiringWebDriver.java:188)
at org.openqa.selenium.remote.server.handler.FindElement.call(FindElement.java:48)
at org.openqa.selenium.remote.server.handler.FindElement.call(FindElement.java:33)
at java.util.concurrent.FutureTask.run(Unknown Source)
at org.openqa.selenium.remote.server.DefaultSession$1.run(DefaultSession.java:176)
at java.util.concurrent.ThreadPoolExecutor.runWorker(Unknown Source)
at java.util.concurrent.ThreadPoolExecutor$Worker.run(Unknown Source)
at java.lang.Thread.run(Unknown Source)
]]>
            </full-stacktrace>
          </exception> <!-- cucumber.runtime.CucumberException -->
          <reporter-output>
          </reporter-output>
        </test-method> <!-- feature -->
        <test-method status="PASS" signature="tearDown()[pri:0, instance:zoosite.runner.RegressionTest@24b1d79b]" name="tearDown" is-config="true" duration-ms="689" started-at="2018-02-19T05:20:47Z" finished-at="2018-02-19T05:20:48Z">
          <reporter-output>
          </reporter-output>
        </test-method> <!-- tearDown -->
        <test-method status="PASS" signature="afterClass()[pri:0, instance:zoosite.runner.RegressionTest@24b1d79b]" name="afterClass" is-config="true" duration-ms="72" started-at="2018-02-19T05:20:48Z" finished-at="2018-02-19T05:20:48Z">
          <reporter-output>
          </reporter-output>
        </test-method> <!-- afterClass -->
      </class> <!-- zoosite.runner.RegressionTest -->
    </test> <!-- ThirdTest -->
    <test name="FirstTest" duration-ms="15698" started-at="2018-02-19T05:20:42Z" finished-at="2018-02-19T05:20:58Z">
      <class name="zoosite.runner.SmokeTest">
        <test-method status="PASS" signature="beforeClass()[pri:0, instance:zoosite.runner.SmokeTest@43a0cee9]" name="beforeClass" is-config="true" duration-ms="250" started-at="2018-02-19T05:20:42Z" finished-at="2018-02-19T05:20:42Z">
          <reporter-output>
          </reporter-output>
        </test-method> <!-- beforeClass -->
        <test-method status="PASS" signature="getDriver()[pri:0, instance:zoosite.runner.SmokeTest@43a0cee9]" name="getDriver" is-config="true" duration-ms="16" started-at="2018-02-19T05:20:42Z" finished-at="2018-02-19T05:20:42Z">
          <reporter-output>
          </reporter-output>
        </test-method> <!-- getDriver -->
        <test-method status="PASS" signature="setupTest(java.lang.String)[pri:0, instance:zoosite.runner.SmokeTest@43a0cee9]" name="setupTest" is-config="true" duration-ms="2399" started-at="2018-02-19T05:20:42Z" finished-at="2018-02-19T05:20:45Z">
          <params>
            <param index="0">
              <value>
                <![CDATA[chrome]]>
              </value>
            </param>
          </params>
          <reporter-output>
          </reporter-output>
        </test-method> <!-- setupTest -->
        <test-method status="PASS" signature="feature(cucumber.api.testng.CucumberFeatureWrapper)[pri:0, instance:zoosite.runner.SmokeTest@43a0cee9]" name="feature" duration-ms="12160" started-at="2018-02-19T05:20:45Z" description="runs cucumber feature" data-provider="features" finished-at="2018-02-19T05:20:57Z">
          <params>
            <param index="0">
              <value>
                <![CDATA[Adopt an animal from the zoo site]]>
              </value>
            </param>
          </params>
          <reporter-output>
          </reporter-output>
        </test-method> <!-- feature -->
        <test-method status="PASS" signature="tearDown()[pri:0, instance:zoosite.runner.SmokeTest@43a0cee9]" name="tearDown" is-config="true" duration-ms="748" started-at="2018-02-19T05:20:57Z" finished-at="2018-02-19T05:20:58Z">
          <reporter-output>
          </reporter-output>
        </test-method> <!-- tearDown -->
        <test-method status="PASS" signature="afterClass()[pri:0, instance:zoosite.runner.SmokeTest@43a0cee9]" name="afterClass" is-config="true" duration-ms="0" started-at="2018-02-19T05:20:58Z" finished-at="2018-02-19T05:20:58Z">
          <reporter-output>
          </reporter-output>
        </test-method> <!-- afterClass -->
      </class> <!-- zoosite.runner.SmokeTest -->
    </test> <!-- FirstTest -->
    <test name="SecondTest" duration-ms="25304" started-at="2018-02-19T05:20:42Z" finished-at="2018-02-19T05:21:07Z">
      <class name="zoosite.runner.FunctionTest">
        <test-method status="PASS" signature="beforeClass()[pri:0, instance:zoosite.runner.FunctionTest@5fdba6f9]" name="beforeClass" is-config="true" duration-ms="250" started-at="2018-02-19T05:20:42Z" finished-at="2018-02-19T05:20:42Z">
          <reporter-output>
          </reporter-output>
        </test-method> <!-- beforeClass -->
        <test-method status="PASS" signature="setupTest(java.lang.String)[pri:0, instance:zoosite.runner.FunctionTest@5fdba6f9]" name="setupTest" is-config="true" duration-ms="9339" started-at="2018-02-19T05:20:42Z" finished-at="2018-02-19T05:20:52Z">
          <params>
            <param index="0">
              <value>
                <![CDATA[firefox]]>
              </value>
            </param>
          </params>
          <reporter-output>
          </reporter-output>
        </test-method> <!-- setupTest -->
        <test-method status="PASS" signature="getDriver()[pri:0, instance:zoosite.runner.FunctionTest@5fdba6f9]" name="getDriver" is-config="true" duration-ms="0" started-at="2018-02-19T05:20:42Z" finished-at="2018-02-19T05:20:42Z">
          <reporter-output>
          </reporter-output>
        </test-method> <!-- getDriver -->
        <test-method status="PASS" signature="feature(cucumber.api.testng.CucumberFeatureWrapper)[pri:0, instance:zoosite.runner.FunctionTest@5fdba6f9]" name="feature" duration-ms="15123" started-at="2018-02-19T05:20:52Z" description="runs cucumber feature" data-provider="features" finished-at="2018-02-19T05:21:07Z">
          <params>
            <param index="0">
              <value>
                <![CDATA[Adopt an animal from the zoo site1]]>
              </value>
            </param>
          </params>
          <reporter-output>
          </reporter-output>
        </test-method> <!-- feature -->
        <test-method status="PASS" signature="tearDown()[pri:0, instance:zoosite.runner.FunctionTest@5fdba6f9]" name="tearDown" is-config="true" duration-ms="454" started-at="2018-02-19T05:21:07Z" finished-at="2018-02-19T05:21:07Z">
          <reporter-output>
          </reporter-output>
        </test-method> <!-- tearDown -->
        <test-method status="PASS" signature="afterClass()[pri:0, instance:zoosite.runner.FunctionTest@5fdba6f9]" name="afterClass" is-config="true" duration-ms="0" started-at="2018-02-19T05:21:07Z" finished-at="2018-02-19T05:21:07Z">
          <reporter-output>
          </reporter-output>
        </test-method> <!-- afterClass -->
      </class> <!-- zoosite.runner.FunctionTest -->
    </test> <!-- SecondTest -->
  </suite> <!-- Suite -->
</testng-results>
